22-12-2017 13:22:52.670 [restartedMain] INFO  c.e.m.d.DemoMongoDbApplication.logStarting - Starting DemoMongoDbApplication on CDA-AR-0572 with PID 7804 (C:\Users\gzago\Desktop\Proyectos\SpringInvestigacion\demoMongoDB\target\classes started by gzago in C:\Users\gzago\Desktop\Proyectos\SpringInvestigacion\demoMongoDB)
22-12-2017 13:22:52.680 [restartedMain] INFO  c.e.m.d.DemoMongoDbApplication.logStartupProfileInfo - No active profile set, falling back to default profiles: default
22-12-2017 13:22:52.840 [restartedMain] INFO  o.s.b.w.r.c.AnnotationConfigReactiveWebServerApplicationContext.prepareRefresh - Refreshing org.springframework.boot.web.reactive.context.AnnotationConfigReactiveWebServerApplicationContext@17d36f62: startup date [Fri Dec 22 13:22:52 ART 2017]; root of context hierarchy
22-12-2017 13:22:52.965 [background-preinit] INFO  o.h.validator.internal.util.Version.<clinit> - HV000001: Hibernate Validator 6.0.5.Final
22-12-2017 13:22:56.909 [restartedMain] INFO  o.h.v.i.engine.ValidatorFactoryImpl.getTemporalValidationTolerance - HV000238: Temporal validation tolerance set to 0.
22-12-2017 13:22:57.577 [restartedMain] INFO  o.s.w.r.r.m.a.RequestMappingHandlerMapping.register - Mapped "{[/api/tweets],methods=[POST]}" onto public reactor.core.publisher.Mono<com.example.mongo.demoMongoDB.Entities.Tweets> com.example.mongo.demoMongoDB.Controller.TweetsController.saveTweets(com.example.mongo.demoMongoDB.Entities.Tweets)
22-12-2017 13:22:57.588 [restartedMain] INFO  o.s.w.r.r.m.a.RequestMappingHandlerMapping.register - Mapped "{[/api/tweets/{id}],methods=[GET]}" onto public reactor.core.publisher.Mono<org.springframework.http.ResponseEntity<com.example.mongo.demoMongoDB.Entities.Tweets>> com.example.mongo.demoMongoDB.Controller.TweetsController.getTweetById(java.lang.String)
22-12-2017 13:22:57.598 [restartedMain] INFO  o.s.w.r.r.m.a.RequestMappingHandlerMapping.register - Mapped "{[/api/tweets],methods=[GET]}" onto public reactor.core.publisher.Flux<com.example.mongo.demoMongoDB.Entities.Tweets> com.example.mongo.demoMongoDB.Controller.TweetsController.getAlls()
22-12-2017 13:22:57.711 [restartedMain] INFO  o.s.w.r.h.SimpleUrlHandlerMapping.registerHandler - Mapped URL path [/webjars/**] onto handler of type [class org.springframework.web.reactive.resource.ResourceWebHandler]
22-12-2017 13:22:57.713 [restartedMain] INFO  o.s.w.r.h.SimpleUrlHandlerMapping.registerHandler - Mapped URL path [/**] onto handler of type [class org.springframework.web.reactive.resource.ResourceWebHandler]
22-12-2017 13:22:58.446 [restartedMain] INFO  org.mongodb.driver.cluster.info - Cluster created with settings {hosts=[localhost:27017], mode=SINGLE, requiredClusterType=UNKNOWN, serverSelectionTimeout='30000 ms', maxWaitQueueSize=500}
22-12-2017 13:22:58.556 [cluster-ClusterId{value='5a3d3162180b081e7cce3d4a', description='null'}-localhost:27017] INFO  org.mongodb.driver.connection.info - Opened connection [connectionId{localValue:1, serverValue:24}] to localhost:27017
22-12-2017 13:22:58.572 [cluster-ClusterId{value='5a3d3162180b081e7cce3d4a', description='null'}-localhost:27017] INFO  org.mongodb.driver.cluster.info - Monitor thread successfully connected to server with description ServerDescription{address=localhost:27017, type=STANDALONE, state=CONNECTED, ok=true, version=ServerVersion{versionList=[3, 6, 0]}, minWireVersion=0, maxWireVersion=6, maxDocumentSize=16777216, roundTripTimeNanos=939088}
22-12-2017 13:22:59.202 [restartedMain] INFO  o.s.b.a.e.w.r.WebFluxEndpointHandlerMapping.register - Mapped "{[/actuator/health],methods=[GET],produces=[application/vnd.spring-boot.actuator.v2+json || application/json]}" onto public org.reactivestreams.Publisher<org.springframework.http.ResponseEntity<java.lang.Object>> org.springframework.boot.actuate.endpoint.web.reactive.WebFluxEndpointHandlerMapping$ReadOperationHandler.handle(org.springframework.web.server.ServerWebExchange)
22-12-2017 13:22:59.211 [restartedMain] INFO  o.s.b.a.e.w.r.WebFluxEndpointHandlerMapping.register - Mapped "{[/actuator/info],methods=[GET],produces=[application/vnd.spring-boot.actuator.v2+json || application/json]}" onto public org.reactivestreams.Publisher<org.springframework.http.ResponseEntity<java.lang.Object>> org.springframework.boot.actuate.endpoint.web.reactive.WebFluxEndpointHandlerMapping$ReadOperationHandler.handle(org.springframework.web.server.ServerWebExchange)
22-12-2017 13:22:59.213 [restartedMain] INFO  o.s.b.a.e.w.r.WebFluxEndpointHandlerMapping.register - Mapped "{[/actuator],methods=[GET],produces=[application/vnd.spring-boot.actuator.v2+json || application/json]}" onto private java.util.Map<java.lang.String, java.util.Map<java.lang.String, org.springframework.boot.actuate.endpoint.web.Link>> org.springframework.boot.actuate.endpoint.web.reactive.WebFluxEndpointHandlerMapping.links(org.springframework.http.server.reactive.ServerHttpRequest)
22-12-2017 13:22:59.276 [restartedMain] INFO  o.h.v.i.engine.ValidatorFactoryImpl.getTemporalValidationTolerance - HV000238: Temporal validation tolerance set to 0.
22-12-2017 13:22:59.322 [restartedMain] INFO  o.s.w.r.r.m.a.ControllerMethodResolver.initControllerAdviceCaches - Looking for @ControllerAdvice: org.springframework.boot.web.reactive.context.AnnotationConfigReactiveWebServerApplicationContext@17d36f62: startup date [Fri Dec 22 13:22:52 ART 2017]; root of context hierarchy
22-12-2017 13:22:59.725 [restartedMain] INFO  org.mongodb.driver.cluster.info - Cluster created with settings {hosts=[localhost:27017], mode=SINGLE, requiredClusterType=UNKNOWN, serverSelectionTimeout='30000 ms', maxWaitQueueSize=500}
22-12-2017 13:22:59.964 [cluster-ClusterId{value='5a3d3163180b081e7cce3d4b', description='null'}-localhost:27017] INFO  org.mongodb.driver.connection.info - Opened connection [connectionId{localValue:2, serverValue:25}] to localhost:27017
22-12-2017 13:22:59.977 [cluster-ClusterId{value='5a3d3163180b081e7cce3d4b', description='null'}-localhost:27017] INFO  org.mongodb.driver.cluster.info - Monitor thread successfully connected to server with description ServerDescription{address=localhost:27017, type=STANDALONE, state=CONNECTED, ok=true, version=ServerVersion{versionList=[3, 6, 0]}, minWireVersion=0, maxWireVersion=6, maxDocumentSize=16777216, roundTripTimeNanos=892903}
22-12-2017 13:23:00.591 [restartedMain] INFO  o.s.b.d.a.OptionalLiveReloadServer.startServer - LiveReload server is running on port 35729
22-12-2017 13:23:00.696 [restartedMain] INFO  o.s.j.e.a.AnnotationMBeanExporter.afterSingletonsInstantiated - Registering beans for JMX exposure on startup
22-12-2017 13:23:01.039 [reactor-http-nio-1] INFO  r.ipc.netty.tcp.BlockingNettyContext.info - Started HttpServer on /0:0:0:0:0:0:0:0:9080
22-12-2017 13:23:01.046 [restartedMain] INFO  o.s.b.w.e.netty.NettyWebServer.start - Netty started on port(s): 9080
22-12-2017 13:23:01.057 [restartedMain] INFO  c.e.m.d.DemoMongoDbApplication.logStarted - Started DemoMongoDbApplication in 9.789 seconds (JVM running for 11.971)
22-12-2017 13:28:52.735 [restartedMain] INFO  c.e.m.d.DemoMongoDbApplication.logStarting - Starting DemoMongoDbApplication on CDA-AR-0572 with PID 6848 (C:\Users\gzago\Desktop\Proyectos\SpringInvestigacion\demoMongoDB\target\classes started by gzago in C:\Users\gzago\Desktop\Proyectos\SpringInvestigacion\demoMongoDB)
22-12-2017 13:28:52.746 [restartedMain] INFO  c.e.m.d.DemoMongoDbApplication.logStartupProfileInfo - No active profile set, falling back to default profiles: default
22-12-2017 13:28:52.875 [restartedMain] INFO  o.s.b.w.r.c.AnnotationConfigReactiveWebServerApplicationContext.prepareRefresh - Refreshing org.springframework.boot.web.reactive.context.AnnotationConfigReactiveWebServerApplicationContext@5dbea78f: startup date [Fri Dec 22 13:28:52 ART 2017]; root of context hierarchy
22-12-2017 13:28:52.953 [background-preinit] INFO  o.h.validator.internal.util.Version.<clinit> - HV000001: Hibernate Validator 6.0.5.Final
22-12-2017 13:28:56.258 [restartedMain] INFO  o.h.v.i.engine.ValidatorFactoryImpl.getTemporalValidationTolerance - HV000238: Temporal validation tolerance set to 0.
22-12-2017 13:28:56.770 [restartedMain] INFO  o.s.w.r.r.m.a.RequestMappingHandlerMapping.register - Mapped "{[/api/tweets/{id}],methods=[GET]}" onto public reactor.core.publisher.Mono<org.springframework.http.ResponseEntity<com.example.mongo.demoMongoDB.Entities.Tweets>> com.example.mongo.demoMongoDB.Controller.TweetsController.getTweetById(java.lang.String)
22-12-2017 13:28:56.772 [restartedMain] INFO  o.s.w.r.r.m.a.RequestMappingHandlerMapping.register - Mapped "{[/api/tweets],methods=[GET]}" onto public reactor.core.publisher.Flux<com.example.mongo.demoMongoDB.Entities.Tweets> com.example.mongo.demoMongoDB.Controller.TweetsController.getAlls()
22-12-2017 13:28:56.773 [restartedMain] INFO  o.s.w.r.r.m.a.RequestMappingHandlerMapping.register - Mapped "{[/api/tweets],methods=[POST]}" onto public reactor.core.publisher.Mono<com.example.mongo.demoMongoDB.Entities.Tweets> com.example.mongo.demoMongoDB.Controller.TweetsController.saveTweets(com.example.mongo.demoMongoDB.Entities.Tweets)
22-12-2017 13:28:56.883 [restartedMain] INFO  o.s.w.r.h.SimpleUrlHandlerMapping.registerHandler - Mapped URL path [/webjars/**] onto handler of type [class org.springframework.web.reactive.resource.ResourceWebHandler]
22-12-2017 13:28:56.884 [restartedMain] INFO  o.s.w.r.h.SimpleUrlHandlerMapping.registerHandler - Mapped URL path [/**] onto handler of type [class org.springframework.web.reactive.resource.ResourceWebHandler]
22-12-2017 13:28:57.547 [restartedMain] INFO  org.mongodb.driver.cluster.info - Cluster created with settings {hosts=[localhost:27017], mode=SINGLE, requiredClusterType=UNKNOWN, serverSelectionTimeout='30000 ms', maxWaitQueueSize=500}
22-12-2017 13:28:57.657 [cluster-ClusterId{value='5a3d32c9180b081ac069de4c', description='null'}-localhost:27017] INFO  org.mongodb.driver.connection.info - Opened connection [connectionId{localValue:1, serverValue:26}] to localhost:27017
22-12-2017 13:28:57.672 [cluster-ClusterId{value='5a3d32c9180b081ac069de4c', description='null'}-localhost:27017] INFO  org.mongodb.driver.cluster.info - Monitor thread successfully connected to server with description ServerDescription{address=localhost:27017, type=STANDALONE, state=CONNECTED, ok=true, version=ServerVersion{versionList=[3, 6, 0]}, minWireVersion=0, maxWireVersion=6, maxDocumentSize=16777216, roundTripTimeNanos=1074376}
22-12-2017 13:28:58.305 [restartedMain] INFO  o.s.b.a.e.w.r.WebFluxEndpointHandlerMapping.register - Mapped "{[/actuator/health],methods=[GET],produces=[application/vnd.spring-boot.actuator.v2+json || application/json]}" onto public org.reactivestreams.Publisher<org.springframework.http.ResponseEntity<java.lang.Object>> org.springframework.boot.actuate.endpoint.web.reactive.WebFluxEndpointHandlerMapping$ReadOperationHandler.handle(org.springframework.web.server.ServerWebExchange)
22-12-2017 13:28:58.306 [restartedMain] INFO  o.s.b.a.e.w.r.WebFluxEndpointHandlerMapping.register - Mapped "{[/actuator/info],methods=[GET],produces=[application/vnd.spring-boot.actuator.v2+json || application/json]}" onto public org.reactivestreams.Publisher<org.springframework.http.ResponseEntity<java.lang.Object>> org.springframework.boot.actuate.endpoint.web.reactive.WebFluxEndpointHandlerMapping$ReadOperationHandler.handle(org.springframework.web.server.ServerWebExchange)
22-12-2017 13:28:58.309 [restartedMain] INFO  o.s.b.a.e.w.r.WebFluxEndpointHandlerMapping.register - Mapped "{[/actuator],methods=[GET],produces=[application/vnd.spring-boot.actuator.v2+json || application/json]}" onto private java.util.Map<java.lang.String, java.util.Map<java.lang.String, org.springframework.boot.actuate.endpoint.web.Link>> org.springframework.boot.actuate.endpoint.web.reactive.WebFluxEndpointHandlerMapping.links(org.springframework.http.server.reactive.ServerHttpRequest)
22-12-2017 13:28:58.377 [restartedMain] INFO  o.h.v.i.engine.ValidatorFactoryImpl.getTemporalValidationTolerance - HV000238: Temporal validation tolerance set to 0.
22-12-2017 13:28:58.431 [restartedMain] INFO  o.s.w.r.r.m.a.ControllerMethodResolver.initControllerAdviceCaches - Looking for @ControllerAdvice: org.springframework.boot.web.reactive.context.AnnotationConfigReactiveWebServerApplicationContext@5dbea78f: startup date [Fri Dec 22 13:28:52 ART 2017]; root of context hierarchy
22-12-2017 13:28:59.039 [restartedMain] INFO  org.mongodb.driver.cluster.info - Cluster created with settings {hosts=[localhost:27017], mode=SINGLE, requiredClusterType=UNKNOWN, serverSelectionTimeout='30000 ms', maxWaitQueueSize=500}
22-12-2017 13:28:59.069 [cluster-ClusterId{value='5a3d32cb180b081ac069de4d', description='null'}-localhost:27017] INFO  org.mongodb.driver.connection.info - Opened connection [connectionId{localValue:2, serverValue:27}] to localhost:27017
22-12-2017 13:28:59.078 [cluster-ClusterId{value='5a3d32cb180b081ac069de4d', description='null'}-localhost:27017] INFO  org.mongodb.driver.cluster.info - Monitor thread successfully connected to server with description ServerDescription{address=localhost:27017, type=STANDALONE, state=CONNECTED, ok=true, version=ServerVersion{versionList=[3, 6, 0]}, minWireVersion=0, maxWireVersion=6, maxDocumentSize=16777216, roundTripTimeNanos=947951}
22-12-2017 13:28:59.936 [restartedMain] INFO  o.s.b.d.a.OptionalLiveReloadServer.startServer - LiveReload server is running on port 35729
22-12-2017 13:29:00.195 [restartedMain] INFO  o.s.j.e.a.AnnotationMBeanExporter.afterSingletonsInstantiated - Registering beans for JMX exposure on startup
22-12-2017 13:29:00.568 [reactor-http-nio-1] INFO  r.ipc.netty.tcp.BlockingNettyContext.info - Started HttpServer on /0:0:0:0:0:0:0:0:9080
22-12-2017 13:29:00.576 [restartedMain] INFO  o.s.b.w.e.netty.NettyWebServer.start - Netty started on port(s): 9080
22-12-2017 13:29:00.595 [restartedMain] INFO  c.e.m.d.DemoMongoDbApplication.logStarted - Started DemoMongoDbApplication in 8.895 seconds (JVM running for 11.365)
22-12-2017 13:58:09.598 [Thread-26] INFO  org.mongodb.driver.connection.info - Opened connection [connectionId{localValue:3, serverValue:28}] to localhost:27017
22-12-2017 15:12:29.951 [restartedMain] INFO  c.e.m.d.DemoMongoDbApplication.logStarting - Starting DemoMongoDbApplication on CDA-AR-0572 with PID 9444 (C:\Users\gzago\Desktop\Proyectos\SpringInvestigacion\demoMongoDB\target\classes started by gzago in C:\Users\gzago\Desktop\Proyectos\SpringInvestigacion\demoMongoDB)
22-12-2017 15:12:29.961 [restartedMain] INFO  c.e.m.d.DemoMongoDbApplication.logStartupProfileInfo - No active profile set, falling back to default profiles: default
22-12-2017 15:12:30.128 [restartedMain] INFO  o.s.b.w.r.c.AnnotationConfigReactiveWebServerApplicationContext.prepareRefresh - Refreshing org.springframework.boot.web.reactive.context.AnnotationConfigReactiveWebServerApplicationContext@31e69953: startup date [Fri Dec 22 15:12:30 ART 2017]; root of context hierarchy
22-12-2017 15:12:30.145 [background-preinit] INFO  o.h.validator.internal.util.Version.<clinit> - HV000001: Hibernate Validator 6.0.5.Final
22-12-2017 15:12:35.327 [restartedMain] INFO  o.h.v.i.engine.ValidatorFactoryImpl.getTemporalValidationTolerance - HV000238: Temporal validation tolerance set to 0.
22-12-2017 15:12:36.140 [restartedMain] INFO  o.s.w.r.r.m.a.RequestMappingHandlerMapping.register - Mapped "{[/api/tweets],methods=[GET]}" onto public reactor.core.publisher.Flux<com.example.mongo.demoMongoDB.Entities.Tweets> com.example.mongo.demoMongoDB.Controller.TweetsController.getAlls()
22-12-2017 15:12:36.153 [restartedMain] INFO  o.s.w.r.r.m.a.RequestMappingHandlerMapping.register - Mapped "{[/api/tweets],methods=[POST]}" onto public reactor.core.publisher.Mono<com.example.mongo.demoMongoDB.Entities.Tweets> com.example.mongo.demoMongoDB.Controller.TweetsController.saveTweets(com.example.mongo.demoMongoDB.Entities.Tweets)
22-12-2017 15:12:36.162 [restartedMain] INFO  o.s.w.r.r.m.a.RequestMappingHandlerMapping.register - Mapped "{[/api/tweets/{id}],methods=[GET]}" onto public reactor.core.publisher.Mono<org.springframework.http.ResponseEntity<com.example.mongo.demoMongoDB.Entities.Tweets>> com.example.mongo.demoMongoDB.Controller.TweetsController.getTweetById(java.lang.String)
22-12-2017 15:12:36.452 [restartedMain] INFO  o.s.w.r.h.SimpleUrlHandlerMapping.registerHandler - Mapped URL path [/webjars/**] onto handler of type [class org.springframework.web.reactive.resource.ResourceWebHandler]
22-12-2017 15:12:36.453 [restartedMain] INFO  o.s.w.r.h.SimpleUrlHandlerMapping.registerHandler - Mapped URL path [/**] onto handler of type [class org.springframework.web.reactive.resource.ResourceWebHandler]
22-12-2017 15:12:37.342 [restartedMain] INFO  org.mongodb.driver.cluster.info - Cluster created with settings {hosts=[localhost:27017], mode=SINGLE, requiredClusterType=UNKNOWN, serverSelectionTimeout='30000 ms', maxWaitQueueSize=500}
22-12-2017 15:12:37.571 [cluster-ClusterId{value='5a3d4b15180b0824e4224911', description='null'}-localhost:27017] INFO  org.mongodb.driver.connection.info - Opened connection [connectionId{localValue:1, serverValue:31}] to localhost:27017
22-12-2017 15:12:37.576 [cluster-ClusterId{value='5a3d4b15180b0824e4224911', description='null'}-localhost:27017] INFO  org.mongodb.driver.cluster.info - Monitor thread successfully connected to server with description ServerDescription{address=localhost:27017, type=STANDALONE, state=CONNECTED, ok=true, version=ServerVersion{versionList=[3, 6, 0]}, minWireVersion=0, maxWireVersion=6, maxDocumentSize=16777216, roundTripTimeNanos=1203134}
22-12-2017 15:12:38.417 [restartedMain] INFO  o.s.b.a.e.w.r.WebFluxEndpointHandlerMapping.register - Mapped "{[/actuator/health],methods=[GET],produces=[application/vnd.spring-boot.actuator.v2+json || application/json]}" onto public org.reactivestreams.Publisher<org.springframework.http.ResponseEntity<java.lang.Object>> org.springframework.boot.actuate.endpoint.web.reactive.WebFluxEndpointHandlerMapping$ReadOperationHandler.handle(org.springframework.web.server.ServerWebExchange)
22-12-2017 15:12:38.419 [restartedMain] INFO  o.s.b.a.e.w.r.WebFluxEndpointHandlerMapping.register - Mapped "{[/actuator/info],methods=[GET],produces=[application/vnd.spring-boot.actuator.v2+json || application/json]}" onto public org.reactivestreams.Publisher<org.springframework.http.ResponseEntity<java.lang.Object>> org.springframework.boot.actuate.endpoint.web.reactive.WebFluxEndpointHandlerMapping$ReadOperationHandler.handle(org.springframework.web.server.ServerWebExchange)
22-12-2017 15:12:38.421 [restartedMain] INFO  o.s.b.a.e.w.r.WebFluxEndpointHandlerMapping.register - Mapped "{[/actuator],methods=[GET],produces=[application/vnd.spring-boot.actuator.v2+json || application/json]}" onto private java.util.Map<java.lang.String, java.util.Map<java.lang.String, org.springframework.boot.actuate.endpoint.web.Link>> org.springframework.boot.actuate.endpoint.web.reactive.WebFluxEndpointHandlerMapping.links(org.springframework.http.server.reactive.ServerHttpRequest)
22-12-2017 15:12:38.523 [restartedMain] INFO  o.h.v.i.engine.ValidatorFactoryImpl.getTemporalValidationTolerance - HV000238: Temporal validation tolerance set to 0.
22-12-2017 15:12:38.635 [restartedMain] INFO  o.s.w.r.r.m.a.ControllerMethodResolver.initControllerAdviceCaches - Looking for @ControllerAdvice: org.springframework.boot.web.reactive.context.AnnotationConfigReactiveWebServerApplicationContext@31e69953: startup date [Fri Dec 22 15:12:30 ART 2017]; root of context hierarchy
22-12-2017 15:12:39.353 [restartedMain] INFO  org.mongodb.driver.cluster.info - Cluster created with settings {hosts=[localhost:27017], mode=SINGLE, requiredClusterType=UNKNOWN, serverSelectionTimeout='30000 ms', maxWaitQueueSize=500}
22-12-2017 15:12:39.407 [cluster-ClusterId{value='5a3d4b17180b0824e4224912', description='null'}-localhost:27017] INFO  org.mongodb.driver.connection.info - Opened connection [connectionId{localValue:2, serverValue:32}] to localhost:27017
22-12-2017 15:12:39.419 [cluster-ClusterId{value='5a3d4b17180b0824e4224912', description='null'}-localhost:27017] INFO  org.mongodb.driver.cluster.info - Monitor thread successfully connected to server with description ServerDescription{address=localhost:27017, type=STANDALONE, state=CONNECTED, ok=true, version=ServerVersion{versionList=[3, 6, 0]}, minWireVersion=0, maxWireVersion=6, maxDocumentSize=16777216, roundTripTimeNanos=1209665}
22-12-2017 15:12:40.401 [restartedMain] INFO  o.s.b.d.a.OptionalLiveReloadServer.startServer - LiveReload server is running on port 35729
22-12-2017 15:12:40.653 [restartedMain] INFO  o.s.j.e.a.AnnotationMBeanExporter.afterSingletonsInstantiated - Registering beans for JMX exposure on startup
22-12-2017 15:12:40.999 [reactor-http-nio-1] INFO  r.ipc.netty.tcp.BlockingNettyContext.info - Started HttpServer on /0:0:0:0:0:0:0:0:9080
22-12-2017 15:12:41.009 [restartedMain] INFO  o.s.b.w.e.netty.NettyWebServer.start - Netty started on port(s): 9080
22-12-2017 15:12:41.020 [restartedMain] INFO  c.e.m.d.DemoMongoDbApplication.logStarted - Started DemoMongoDbApplication in 12.053 seconds (JVM running for 14.728)
22-12-2017 15:12:45.231 [Thread-35] INFO  org.mongodb.driver.connection.info - Opened connection [connectionId{localValue:3, serverValue:33}] to localhost:27017
22-12-2017 15:13:51.618 [restartedMain] INFO  c.e.m.d.DemoMongoDbApplication.logStarting - Starting DemoMongoDbApplication on CDA-AR-0572 with PID 7888 (C:\Users\gzago\Desktop\Proyectos\SpringInvestigacion\demoMongoDB\target\classes started by gzago in C:\Users\gzago\Desktop\Proyectos\SpringInvestigacion\demoMongoDB)
22-12-2017 15:13:51.633 [restartedMain] INFO  c.e.m.d.DemoMongoDbApplication.logStartupProfileInfo - No active profile set, falling back to default profiles: default
22-12-2017 15:13:51.825 [restartedMain] INFO  o.s.b.w.r.c.AnnotationConfigReactiveWebServerApplicationContext.prepareRefresh - Refreshing org.springframework.boot.web.reactive.context.AnnotationConfigReactiveWebServerApplicationContext@31e69953: startup date [Fri Dec 22 15:13:51 ART 2017]; root of context hierarchy
22-12-2017 15:13:52.032 [background-preinit] INFO  o.h.validator.internal.util.Version.<clinit> - HV000001: Hibernate Validator 6.0.5.Final
22-12-2017 15:13:56.194 [restartedMain] INFO  o.h.v.i.engine.ValidatorFactoryImpl.getTemporalValidationTolerance - HV000238: Temporal validation tolerance set to 0.
22-12-2017 15:13:56.898 [restartedMain] INFO  o.s.w.r.r.m.a.RequestMappingHandlerMapping.register - Mapped "{[/api/tweets],methods=[GET]}" onto public reactor.core.publisher.Flux<com.example.mongo.demoMongoDB.Entities.Tweets> com.example.mongo.demoMongoDB.Controller.TweetsController.getAlls()
22-12-2017 15:13:56.904 [restartedMain] INFO  o.s.w.r.r.m.a.RequestMappingHandlerMapping.register - Mapped "{[/api/tweets/{id}],methods=[GET]}" onto public reactor.core.publisher.Mono<org.springframework.http.ResponseEntity<com.example.mongo.demoMongoDB.Entities.Tweets>> com.example.mongo.demoMongoDB.Controller.TweetsController.getTweetById(java.lang.String)
22-12-2017 15:13:56.906 [restartedMain] INFO  o.s.w.r.r.m.a.RequestMappingHandlerMapping.register - Mapped "{[/api/tweets],methods=[POST]}" onto public reactor.core.publisher.Mono<com.example.mongo.demoMongoDB.Entities.Tweets> com.example.mongo.demoMongoDB.Controller.TweetsController.saveTweets(com.example.mongo.demoMongoDB.Entities.Tweets)
22-12-2017 15:13:57.040 [restartedMain] INFO  o.s.w.r.h.SimpleUrlHandlerMapping.registerHandler - Mapped URL path [/webjars/**] onto handler of type [class org.springframework.web.reactive.resource.ResourceWebHandler]
22-12-2017 15:13:57.041 [restartedMain] INFO  o.s.w.r.h.SimpleUrlHandlerMapping.registerHandler - Mapped URL path [/**] onto handler of type [class org.springframework.web.reactive.resource.ResourceWebHandler]
22-12-2017 15:13:57.925 [restartedMain] INFO  org.mongodb.driver.cluster.info - Cluster created with settings {hosts=[localhost:27017], mode=SINGLE, requiredClusterType=UNKNOWN, serverSelectionTimeout='30000 ms', maxWaitQueueSize=500}
22-12-2017 15:13:58.081 [cluster-ClusterId{value='5a3d4b65180b081ed0f574d7', description='null'}-localhost:27017] INFO  org.mongodb.driver.connection.info - Opened connection [connectionId{localValue:1, serverValue:37}] to localhost:27017
22-12-2017 15:13:58.095 [cluster-ClusterId{value='5a3d4b65180b081ed0f574d7', description='null'}-localhost:27017] INFO  org.mongodb.driver.cluster.info - Monitor thread successfully connected to server with description ServerDescription{address=localhost:27017, type=STANDALONE, state=CONNECTED, ok=true, version=ServerVersion{versionList=[3, 6, 0]}, minWireVersion=0, maxWireVersion=6, maxDocumentSize=16777216, roundTripTimeNanos=974543}
22-12-2017 15:13:58.858 [restartedMain] INFO  o.s.b.a.e.w.r.WebFluxEndpointHandlerMapping.register - Mapped "{[/actuator/health],methods=[GET],produces=[application/vnd.spring-boot.actuator.v2+json || application/json]}" onto public org.reactivestreams.Publisher<org.springframework.http.ResponseEntity<java.lang.Object>> org.springframework.boot.actuate.endpoint.web.reactive.WebFluxEndpointHandlerMapping$ReadOperationHandler.handle(org.springframework.web.server.ServerWebExchange)
22-12-2017 15:13:58.870 [restartedMain] INFO  o.s.b.a.e.w.r.WebFluxEndpointHandlerMapping.register - Mapped "{[/actuator/info],methods=[GET],produces=[application/vnd.spring-boot.actuator.v2+json || application/json]}" onto public org.reactivestreams.Publisher<org.springframework.http.ResponseEntity<java.lang.Object>> org.springframework.boot.actuate.endpoint.web.reactive.WebFluxEndpointHandlerMapping$ReadOperationHandler.handle(org.springframework.web.server.ServerWebExchange)
22-12-2017 15:13:58.873 [restartedMain] INFO  o.s.b.a.e.w.r.WebFluxEndpointHandlerMapping.register - Mapped "{[/actuator],methods=[GET],produces=[application/vnd.spring-boot.actuator.v2+json || application/json]}" onto private java.util.Map<java.lang.String, java.util.Map<java.lang.String, org.springframework.boot.actuate.endpoint.web.Link>> org.springframework.boot.actuate.endpoint.web.reactive.WebFluxEndpointHandlerMapping.links(org.springframework.http.server.reactive.ServerHttpRequest)
22-12-2017 15:13:58.962 [restartedMain] INFO  o.h.v.i.engine.ValidatorFactoryImpl.getTemporalValidationTolerance - HV000238: Temporal validation tolerance set to 0.
22-12-2017 15:13:59.056 [restartedMain] INFO  o.s.w.r.r.m.a.ControllerMethodResolver.initControllerAdviceCaches - Looking for @ControllerAdvice: org.springframework.boot.web.reactive.context.AnnotationConfigReactiveWebServerApplicationContext@31e69953: startup date [Fri Dec 22 15:13:51 ART 2017]; root of context hierarchy
22-12-2017 15:13:59.769 [restartedMain] INFO  org.mongodb.driver.cluster.info - Cluster created with settings {hosts=[localhost:27017], mode=SINGLE, requiredClusterType=UNKNOWN, serverSelectionTimeout='30000 ms', maxWaitQueueSize=500}
22-12-2017 15:13:59.810 [cluster-ClusterId{value='5a3d4b67180b081ed0f574d8', description='null'}-localhost:27017] INFO  org.mongodb.driver.connection.info - Opened connection [connectionId{localValue:2, serverValue:38}] to localhost:27017
22-12-2017 15:13:59.823 [cluster-ClusterId{value='5a3d4b67180b081ed0f574d8', description='null'}-localhost:27017] INFO  org.mongodb.driver.cluster.info - Monitor thread successfully connected to server with description ServerDescription{address=localhost:27017, type=STANDALONE, state=CONNECTED, ok=true, version=ServerVersion{versionList=[3, 6, 0]}, minWireVersion=0, maxWireVersion=6, maxDocumentSize=16777216, roundTripTimeNanos=1118695}
22-12-2017 15:14:00.920 [restartedMain] INFO  o.s.b.d.a.OptionalLiveReloadServer.startServer - LiveReload server is running on port 35729
22-12-2017 15:14:01.233 [restartedMain] INFO  o.s.j.e.a.AnnotationMBeanExporter.afterSingletonsInstantiated - Registering beans for JMX exposure on startup
22-12-2017 15:14:01.678 [reactor-http-nio-1] INFO  r.ipc.netty.tcp.BlockingNettyContext.info - Started HttpServer on /0:0:0:0:0:0:0:0:9080
22-12-2017 15:14:01.688 [restartedMain] INFO  o.s.b.w.e.netty.NettyWebServer.start - Netty started on port(s): 9080
22-12-2017 15:14:01.702 [restartedMain] INFO  c.e.m.d.DemoMongoDbApplication.logStarted - Started DemoMongoDbApplication in 11.169 seconds (JVM running for 13.369)
22-12-2017 15:14:20.777 [Thread-32] INFO  org.mongodb.driver.connection.info - Opened connection [connectionId{localValue:3, serverValue:39}] to localhost:27017
